c:\users\jordi\onedrive\documentos\github\upcmaster\c++ for games\engine_master\debug\vc141.pdb
c:\users\jordi\onedrive\documentos\github\upcmaster\c++ for games\engine_master\debug\vc141.idb
c:\users\jordi\onedrive\documentos\github\upcmaster\c++ for games\engine_master\debug\plane.obj
c:\users\jordi\onedrive\documentos\github\upcmaster\c++ for games\engine_master\debug\obb.obj
c:\users\jordi\onedrive\documentos\github\upcmaster\c++ for games\engine_master\debug\linesegment.obj
c:\users\jordi\onedrive\documentos\github\upcmaster\c++ for games\engine_master\debug\line.obj
c:\users\jordi\onedrive\documentos\github\upcmaster\c++ for games\engine_master\debug\frustum.obj
c:\users\jordi\onedrive\documentos\github\upcmaster\c++ for games\engine_master\debug\cylinder.obj
c:\users\jordi\onedrive\documentos\github\upcmaster\c++ for games\engine_master\debug\cone.obj
c:\users\jordi\onedrive\documentos\github\upcmaster\c++ for games\engine_master\debug\circle.obj
c:\users\jordi\onedrive\documentos\github\upcmaster\c++ for games\engine_master\debug\capsule.obj
c:\users\jordi\onedrive\documentos\github\upcmaster\c++ for games\engine_master\debug\aabb.obj
c:\users\jordi\onedrive\documentos\github\upcmaster\c++ for games\engine_master\debug\lcg.obj
c:\users\jordi\onedrive\documentos\github\upcmaster\c++ for games\engine_master\debug\main.obj
c:\users\jordi\onedrive\documentos\github\upcmaster\c++ for games\engine_master\debug\log.obj
c:\users\jordi\onedrive\documentos\github\upcmaster\c++ for games\engine_master\debug\imgui_widgets.obj
c:\users\jordi\onedrive\documentos\github\upcmaster\c++ for games\engine_master\debug\imgui_impl_sdl.obj
c:\users\jordi\onedrive\documentos\github\upcmaster\c++ for games\engine_master\debug\imgui_impl_opengl3.obj
c:\users\jordi\onedrive\documentos\github\upcmaster\c++ for games\engine_master\debug\imgui_draw.obj
c:\users\jordi\onedrive\documentos\github\upcmaster\c++ for games\engine_master\debug\imgui_demo.obj
c:\users\jordi\onedrive\documentos\github\upcmaster\c++ for games\engine_master\debug\imgui.obj
c:\users\jordi\onedrive\documentos\github\upcmaster\c++ for games\engine_master\debug\application.obj
c:\users\jordi\onedrive\documentos\github\upcmaster\c++ for games\engine_master\debug\transformops.obj
c:\users\jordi\onedrive\documentos\github\upcmaster\c++ for games\engine_master\debug\ssemath.obj
c:\users\jordi\onedrive\documentos\github\upcmaster\c++ for games\engine_master\debug\quat.obj
c:\users\jordi\onedrive\documentos\github\upcmaster\c++ for games\engine_master\debug\polynomial.obj
c:\users\jordi\onedrive\documentos\github\upcmaster\c++ for games\engine_master\debug\mathops.obj
c:\users\jordi\onedrive\documentos\github\upcmaster\c++ for games\engine_master\debug\mathlog.obj
c:\users\jordi\onedrive\documentos\github\upcmaster\c++ for games\engine_master\debug\mathfunc.obj
c:\users\jordi\onedrive\documentos\github\upcmaster\c++ for games\engine_master\debug\float4x4.obj
c:\users\jordi\onedrive\documentos\github\upcmaster\c++ for games\engine_master\debug\float4.obj
c:\users\jordi\onedrive\documentos\github\upcmaster\c++ for games\engine_master\debug\float3x4.obj
c:\users\jordi\onedrive\documentos\github\upcmaster\c++ for games\engine_master\debug\float3x3.obj
c:\users\jordi\onedrive\documentos\github\upcmaster\c++ for games\engine_master\debug\float3.obj
c:\users\jordi\onedrive\documentos\github\upcmaster\c++ for games\engine_master\debug\float2.obj
c:\users\jordi\onedrive\documentos\github\upcmaster\c++ for games\engine_master\debug\bitops.obj
c:\users\jordi\onedrive\documentos\github\upcmaster\c++ for games\engine_master\debug\trianglemesh.obj
c:\users\jordi\onedrive\documentos\github\upcmaster\c++ for games\engine_master\debug\triangle.obj
c:\users\jordi\onedrive\documentos\github\upcmaster\c++ for games\engine_master\debug\sphere.obj
c:\users\jordi\onedrive\documentos\github\upcmaster\c++ for games\engine_master\debug\ray.obj
c:\users\jordi\onedrive\documentos\github\upcmaster\c++ for games\engine_master\debug\polyhedron.obj
c:\users\jordi\onedrive\documentos\github\upcmaster\c++ for games\engine_master\debug\polygon.obj
c:\users\jordi\onedrive\documentos\github\upcmaster\c++ for games\engine_master\debug\modulewindow.obj
c:\users\jordi\onedrive\documentos\github\upcmaster\c++ for games\engine_master\debug\moduletriangle.obj
c:\users\jordi\onedrive\documentos\github\upcmaster\c++ for games\engine_master\debug\moduleshaders.obj
c:\users\jordi\onedrive\documentos\github\upcmaster\c++ for games\engine_master\debug\modulerender.obj
c:\users\jordi\onedrive\documentos\github\upcmaster\c++ for games\engine_master\debug\moduleinput.obj
c:\users\jordi\onedrive\documentos\github\upcmaster\c++ for games\engine_master\debug\moduleimgui.obj
c:\users\jordi\onedrive\documentos\github\upcmaster\c++ for games\engine_master\debug\clock.obj
c:\users\jordi\onedrive\documentos\github\upcmaster\c++ for games\engine_master\debug\enginemaster.exe
c:\users\jordi\onedrive\documentos\github\upcmaster\c++ for games\engine_master\debug\enginemaster.ilk
c:\users\jordi\onedrive\documentos\github\upcmaster\c++ for games\engine_master\debug\enginemaster.pdb
c:\users\jordi\onedrive\documentos\github\upcmaster\c++ for games\engine_master\debug\enginemaster.tlog\cl.command.1.tlog
c:\users\jordi\onedrive\documentos\github\upcmaster\c++ for games\engine_master\debug\enginemaster.tlog\cl.read.1.tlog
c:\users\jordi\onedrive\documentos\github\upcmaster\c++ for games\engine_master\debug\enginemaster.tlog\cl.write.1.tlog
c:\users\jordi\onedrive\documentos\github\upcmaster\c++ for games\engine_master\debug\enginemaster.tlog\link.command.1.tlog
c:\users\jordi\onedrive\documentos\github\upcmaster\c++ for games\engine_master\debug\enginemaster.tlog\link.read.1.tlog
c:\users\jordi\onedrive\documentos\github\upcmaster\c++ for games\engine_master\debug\enginemaster.tlog\link.write.1.tlog
