  Application.cpp
  imgui.cpp
  imgui_demo.cpp
  imgui_draw.cpp
  imgui_impl_opengl3.cpp
  imgui_impl_sdl.cpp
  imgui_widgets.cpp
  log.cpp
  Main.cpp
  LCG.cpp
  AABB.cpp
  Capsule.cpp
  Circle.cpp
  Cone.cpp
  Cylinder.cpp
  Frustum.cpp
  Line.cpp
  LineSegment.cpp
  OBB.cpp
  Plane.cpp
  Generando código...
  Compilando...
  Polygon.cpp
  Polyhedron.cpp
  Ray.cpp
  Sphere.cpp
  Triangle.cpp
  TriangleMesh.cpp
  BitOps.cpp
  float2.cpp
  float3.cpp
  float3x3.cpp
  float3x4.cpp
  float4.cpp
  float4x4.cpp
  MathFunc.cpp
  MathLog.cpp
  MathOps.cpp
  Polynomial.cpp
  Quat.cpp
  SSEMath.cpp
  TransformOps.cpp
  Generando código...
  Compilando...
  Clock.cpp
  ModuleImGui.cpp
c:\users\jordi\onedrive\documentos\github\upcmaster\c++ for games\engine_master\moduleimgui.cpp(180): warning C4244: 'inicializando': conversión de 'float' a 'int'; posible pérdida de datos
c:\users\jordi\onedrive\documentos\github\upcmaster\c++ for games\engine_master\moduleimgui.cpp(188): warning C4244: '=': conversión de 'int' a '_Ty'; posible pérdida de datos
          with
          [
              _Ty=float
          ]
c:\users\jordi\onedrive\documentos\github\upcmaster\c++ for games\engine_master\moduleimgui.cpp(192): warning C4244: 'argumento': conversión de 'int' a 'const _Ty'; posible pérdida de datos
          with
          [
              _Ty=float
          ]
  ModuleInput.cpp
  ModuleRender.cpp
  ModuleShaders.cpp
  ModuleTriangle.cpp
  ModuleWindow.cpp
  Generando código...
  Engine.vcxproj -> C:\Users\jordi\OneDrive\Documentos\GitHub\UPCMaster\C++ for Games\Engine_Master\Debug\EngineMaster.exe
